# JRE version: Java(TM) SE Runtime Environment (8.0_144-b01) (build 1.8.0_144-b01)
# Java VM: Java HotSpot(TM) 64-Bit Server VM (25.144-b01 mixed mode windows-amd64 compressed oops)
Heap:
 PSYoungGen      total 137216K, used 12535K [0x00000000d6000000, 0x00000000e6d00000, 0x0000000100000000)
  eden space 131072K, 7% used [0x00000000d6000000,0x00000000d692be80,0x00000000de000000)
  from space 6144K, 51% used [0x00000000de000000,0x00000000de312000,0x00000000de600000)
  to   space 6656K, 0% used [0x00000000e6680000,0x00000000e6680000,0x00000000e6d00000)
 ParOldGen       total 86016K, used 5255K [0x0000000082000000, 0x0000000087400000, 0x00000000d6000000)
  object space 86016K, 6% used [0x0000000082000000,0x0000000082521df0,0x0000000087400000)
 Metaspace       used 19425K, capacity 19638K, committed 19968K, reserved 1067008K
  class space    used 1936K, capacity 2013K, committed 2048K, reserved 1048576K
GC Heap History (10 events):
Event: 4.762 GC heap before
{Heap before GC invocations=3 (full 0):
 PSYoungGen      total 37888K, used 37874K [0x00000000d6000000, 0x00000000d8a00000, 0x0000000100000000)
  eden space 32768K, 100% used [0x00000000d6000000,0x00000000d8000000,0x00000000d8000000)
  from space 5120K, 99% used [0x00000000d8500000,0x00000000d89fca00,0x00000000d8a00000)
  to   space 5120K, 0% used [0x00000000d8000000,0x00000000d8000000,0x00000000d8500000)
 ParOldGen       total 86016K, used 257K [0x0000000082000000, 0x0000000087400000, 0x00000000d6000000)
  object space 86016K, 0% used [0x0000000082000000,0x00000000820404e8,0x0000000087400000)
 Metaspace       used 17247K, capacity 17462K, committed 17792K, reserved 1064960K
  class space    used 1754K, capacity 1821K, committed 1920K, reserved 1048576K
Event: 4.769 GC heap after
Heap after GC invocations=3 (full 0):
 PSYoungGen      total 37888K, used 5107K [0x00000000d6000000, 0x00000000daa00000, 0x0000000100000000)
  eden space 32768K, 0% used [0x00000000d6000000,0x00000000d6000000,0x00000000d8000000)
  from space 5120K, 99% used [0x00000000d8000000,0x00000000d84fcd60,0x00000000d8500000)
  to   space 5120K, 0% used [0x00000000da500000,0x00000000da500000,0x00000000daa00000)
 ParOldGen       total 86016K, used 273K [0x0000000082000000, 0x0000000087400000, 0x00000000d6000000)
  object space 86016K, 0% used [0x0000000082000000,0x00000000820444e8,0x0000000087400000)
 Metaspace       used 17247K, capacity 17462K, committed 17792K, reserved 1064960K
  class space    used 1754K, capacity 1821K, committed 1920K, reserved 1048576K
}
Event: 4.883 GC heap before
{Heap before GC invocations=4 (full 0):
 PSYoungGen      total 37888K, used 37875K [0x00000000d6000000, 0x00000000daa00000, 0x0000000100000000)
  eden space 32768K, 100% used [0x00000000d6000000,0x00000000d8000000,0x00000000d8000000)
  from space 5120K, 99% used [0x00000000d8000000,0x00000000d84fcd60,0x00000000d8500000)
  to   space 5120K, 0% used [0x00000000da500000,0x00000000da500000,0x00000000daa00000)
 ParOldGen       total 86016K, used 273K [0x0000000082000000, 0x0000000087400000, 0x00000000d6000000)
  object space 86016K, 0% used [0x0000000082000000,0x00000000820444e8,0x0000000087400000)
 Metaspace       used 17325K, capacity 17526K, committed 17792K, reserved 1064960K
  class space    used 1758K, capacity 1821K, committed 1920K, reserved 1048576K
Event: 4.890 GC heap after
Heap after GC invocations=4 (full 0):
 PSYoungGen      total 70656K, used 5103K [0x00000000d6000000, 0x00000000daa00000, 0x0000000100000000)
  eden space 65536K, 0% used [0x00000000d6000000,0x00000000d6000000,0x00000000da000000)
  from space 5120K, 99% used [0x00000000da500000,0x00000000da9fbe40,0x00000000daa00000)
  to   space 5120K, 0% used [0x00000000da000000,0x00000000da000000,0x00000000da500000)
 ParOldGen       total 86016K, used 419K [0x0000000082000000, 0x0000000087400000, 0x00000000d6000000)
  object space 86016K, 0% used [0x0000000082000000,0x0000000082068d80,0x0000000087400000)
 Metaspace       used 17325K, capacity 17526K, committed 17792K, reserved 1064960K
  class space    used 1758K, capacity 1821K, committed 1920K, reserved 1048576K
}
Event: 5.057 GC heap before
{Heap before GC invocations=5 (full 0):
 PSYoungGen      total 70656K, used 70639K [0x00000000d6000000, 0x00000000daa00000, 0x0000000100000000)
  eden space 65536K, 100% used [0x00000000d6000000,0x00000000da000000,0x00000000da000000)
  from space 5120K, 99% used [0x00000000da500000,0x00000000da9fbe40,0x00000000daa00000)
  to   space 5120K, 0% used [0x00000000da000000,0x00000000da000000,0x00000000da500000)
 ParOldGen       total 86016K, used 419K [0x0000000082000000, 0x0000000087400000, 0x00000000d6000000)
  object space 86016K, 0% used [0x0000000082000000,0x0000000082068d80,0x0000000087400000)
 Metaspace       used 17340K, capacity 17526K, committed 17792K, reserved 1064960K
  class space    used 1758K, capacity 1821K, committed 1920K, reserved 1048576K
Event: 5.177 GC heap after
Heap after GC invocations=5 (full 0):
 PSYoungGen      total 70656K, used 5092K [0x00000000d6000000, 0x00000000dec00000, 0x0000000100000000)
  eden space 65536K, 0% used [0x00000000d6000000,0x00000000d6000000,0x00000000da000000)
  from space 5120K, 99% used [0x00000000da000000,0x00000000da4f90b8,0x00000000da500000)
  to   space 6144K, 0% used [0x00000000de600000,0x00000000de600000,0x00000000dec00000)
 ParOldGen       total 86016K, used 731K [0x0000000082000000, 0x0000000087400000, 0x00000000d6000000)
  object space 86016K, 0% used [0x0000000082000000,0x00000000820b6da0,0x0000000087400000)
 Metaspace       used 17340K, capacity 17526K, committed 17792K, reserved 1064960K
  class space    used 1758K, capacity 1821K, committed 1920K, reserved 1048576K
}
Event: 5.264 GC heap before
{Heap before GC invocations=6 (full 0):
 PSYoungGen      total 70656K, used 70628K [0x00000000d6000000, 0x00000000dec00000, 0x0000000100000000)
  eden space 65536K, 100% used [0x00000000d6000000,0x00000000da000000,0x00000000da000000)
  from space 5120K, 99% used [0x00000000da000000,0x00000000da4f90b8,0x00000000da500000)
  to   space 6144K, 0% used [0x00000000de600000,0x00000000de600000,0x00000000dec00000)
 ParOldGen       total 86016K, used 731K [0x0000000082000000, 0x0000000087400000, 0x00000000d6000000)
  object space 86016K, 0% used [0x0000000082000000,0x00000000820b6da0,0x0000000087400000)
 Metaspace       used 17340K, capacity 17526K, committed 17792K, reserved 1064960K
  class space    used 1758K, capacity 1821K, committed 1920K, reserved 1048576K
Event: 5.295 GC heap after
Heap after GC invocations=6 (full 0):
 PSYoungGen      total 137216K, used 5421K [0x00000000d6000000, 0x00000000dec00000, 0x0000000100000000)
  eden space 131072K, 0% used [0x00000000d6000000,0x00000000d6000000,0x00000000de000000)
  from space 6144K, 88% used [0x00000000de600000,0x00000000deb4b5a8,0x00000000dec00000)
  to   space 6144K, 0% used [0x00000000de000000,0x00000000de000000,0x00000000de600000)
 ParOldGen       total 86016K, used 731K [0x0000000082000000, 0x0000000087400000, 0x00000000d6000000)
  object space 86016K, 0% used [0x0000000082000000,0x00000000820b6da0,0x0000000087400000)
 Metaspace       used 17340K, capacity 17526K, committed 17792K, reserved 1064960K
  class space    used 1758K, capacity 1821K, committed 1920K, reserved 1048576K
}
Event: 6.020 GC heap before
{Heap before GC invocations=7 (full 0):
 PSYoungGen      total 137216K, used 136493K [0x00000000d6000000, 0x00000000dec00000, 0x0000000100000000)
  eden space 131072K, 100% used [0x00000000d6000000,0x00000000de000000,0x00000000de000000)
  from space 6144K, 88% used [0x00000000de600000,0x00000000deb4b5a8,0x00000000dec00000)
  to   space 6144K, 0% used [0x00000000de000000,0x00000000de000000,0x00000000de600000)
 ParOldGen       total 86016K, used 731K [0x0000000082000000, 0x0000000087400000, 0x00000000d6000000)
  object space 86016K, 0% used [0x0000000082000000,0x00000000820b6da0,0x0000000087400000)
 Metaspace       used 19267K, capacity 19478K, committed 19712K, reserved 1067008K
  class space    used 1915K, capacity 1981K, committed 2048K, reserved 1048576K
Event: 6.035 GC heap after
Heap after GC invocations=7 (full 0):
 PSYoungGen      total 137216K, used 3144K [0x00000000d6000000, 0x00000000e6d00000, 0x0000000100000000)
  eden space 131072K, 0% used [0x00000000d6000000,0x00000000d6000000,0x00000000de000000)
  from space 6144K, 51% used [0x00000000de000000,0x00000000de312000,0x00000000de600000)
  to   space 6656K, 0% used [0x00000000e6680000,0x00000000e6680000,0x00000000e6d00000)
 ParOldGen       total 86016K, used 5255K [0x0000000082000000, 0x0000000087400000, 0x00000000d6000000)
  object space 86016K, 6% used [0x0000000082000000,0x0000000082521df0,0x0000000087400000)
 Metaspace       used 19267K, capacity 19478K, committed 19712K, reserved 1067008K
  class space    used 1915K, capacity 1981K, committed 2048K, reserved 1048576K
}

