# JRE version: Java(TM) SE Runtime Environment (8.0_144-b01) (build 1.8.0_144-b01)
# Java VM: Java HotSpot(TM) 64-Bit Server VM (25.144-b01 mixed mode windows-amd64 compressed oops)
Heap:
 PSYoungGen      total 137216K, used 130700K [0x00000000d6000000, 0x00000000dec00000, 0x0000000100000000)
  eden space 131072K, 95% used [0x00000000d6000000,0x00000000dda53e08,0x00000000de000000)
  from space 6144K, 88% used [0x00000000de600000,0x00000000deb4f598,0x00000000dec00000)
  to   space 6144K, 0% used [0x00000000de000000,0x00000000de000000,0x00000000de600000)
 ParOldGen       total 86016K, used 745K [0x0000000082000000, 0x0000000087400000, 0x00000000d6000000)
  object space 86016K, 0% used [0x0000000082000000,0x00000000820ba5b8,0x0000000087400000)
 Metaspace       used 19350K, capacity 19574K, committed 19968K, reserved 1067008K
  class space    used 1936K, capacity 2013K, committed 2048K, reserved 1048576K
GC Heap History (10 events):
Event: 3.009 GC heap before
{Heap before GC invocations=2 (full 0):
 PSYoungGen      total 37888K, used 36757K [0x00000000d6000000, 0x00000000d8a00000, 0x0000000100000000)
  eden space 32768K, 100% used [0x00000000d6000000,0x00000000d8000000,0x00000000d8000000)
  from space 5120K, 77% used [0x00000000d8000000,0x00000000d83e5550,0x00000000d8500000)
  to   space 5120K, 0% used [0x00000000d8500000,0x00000000d8500000,0x00000000d8a00000)
 ParOldGen       total 86016K, used 0K [0x0000000082000000, 0x0000000087400000, 0x00000000d6000000)
  object space 86016K, 0% used [0x0000000082000000,0x0000000082000000,0x0000000087400000)
 Metaspace       used 17218K, capacity 17398K, committed 17792K, reserved 1064960K
  class space    used 1754K, capacity 1821K, committed 1920K, reserved 1048576K
Event: 3.017 GC heap after
Heap after GC invocations=2 (full 0):
 PSYoungGen      total 37888K, used 5114K [0x00000000d6000000, 0x00000000d8a00000, 0x0000000100000000)
  eden space 32768K, 0% used [0x00000000d6000000,0x00000000d6000000,0x00000000d8000000)
  from space 5120K, 99% used [0x00000000d8500000,0x00000000d89febd8,0x00000000d8a00000)
  to   space 5120K, 0% used [0x00000000d8000000,0x00000000d8000000,0x00000000d8500000)
 ParOldGen       total 86016K, used 255K [0x0000000082000000, 0x0000000087400000, 0x00000000d6000000)
  object space 86016K, 0% used [0x0000000082000000,0x000000008203fd10,0x0000000087400000)
 Metaspace       used 17218K, capacity 17398K, committed 17792K, reserved 1064960K
  class space    used 1754K, capacity 1821K, committed 1920K, reserved 1048576K
}
Event: 3.092 GC heap before
{Heap before GC invocations=3 (full 0):
 PSYoungGen      total 37888K, used 37882K [0x00000000d6000000, 0x00000000d8a00000, 0x0000000100000000)
  eden space 32768K, 100% used [0x00000000d6000000,0x00000000d8000000,0x00000000d8000000)
  from space 5120K, 99% used [0x00000000d8500000,0x00000000d89febd8,0x00000000d8a00000)
  to   space 5120K, 0% used [0x00000000d8000000,0x00000000d8000000,0x00000000d8500000)
 ParOldGen       total 86016K, used 255K [0x0000000082000000, 0x0000000087400000, 0x00000000d6000000)
  object space 86016K, 0% used [0x0000000082000000,0x000000008203fd10,0x0000000087400000)
 Metaspace       used 17227K, capacity 17462K, committed 17792K, reserved 1064960K
  class space    used 1754K, capacity 1821K, committed 1920K, reserved 1048576K
Event: 3.098 GC heap after
Heap after GC invocations=3 (full 0):
 PSYoungGen      total 37888K, used 5104K [0x00000000d6000000, 0x00000000daa00000, 0x0000000100000000)
  eden space 32768K, 0% used [0x00000000d6000000,0x00000000d6000000,0x00000000d8000000)
  from space 5120K, 99% used [0x00000000d8000000,0x00000000d84fc048,0x00000000d8500000)
  to   space 5120K, 0% used [0x00000000da500000,0x00000000da500000,0x00000000daa00000)
 ParOldGen       total 86016K, used 279K [0x0000000082000000, 0x0000000087400000, 0x00000000d6000000)
  object space 86016K, 0% used [0x0000000082000000,0x0000000082045d10,0x0000000087400000)
 Metaspace       used 17227K, capacity 17462K, committed 17792K, reserved 1064960K
  class space    used 1754K, capacity 1821K, committed 1920K, reserved 1048576K
}
Event: 3.186 GC heap before
{Heap before GC invocations=4 (full 0):
 PSYoungGen      total 37888K, used 37872K [0x00000000d6000000, 0x00000000daa00000, 0x0000000100000000)
  eden space 32768K, 100% used [0x00000000d6000000,0x00000000d8000000,0x00000000d8000000)
  from space 5120K, 99% used [0x00000000d8000000,0x00000000d84fc048,0x00000000d8500000)
  to   space 5120K, 0% used [0x00000000da500000,0x00000000da500000,0x00000000daa00000)
 ParOldGen       total 86016K, used 279K [0x0000000082000000, 0x0000000087400000, 0x00000000d6000000)
  object space 86016K, 0% used [0x0000000082000000,0x0000000082045d10,0x0000000087400000)
 Metaspace       used 17317K, capacity 17526K, committed 17792K, reserved 1064960K
  class space    used 1758K, capacity 1821K, committed 1920K, reserved 1048576K
Event: 3.195 GC heap after
Heap after GC invocations=4 (full 0):
 PSYoungGen      total 70656K, used 5119K [0x00000000d6000000, 0x00000000daa00000, 0x0000000100000000)
  eden space 65536K, 0% used [0x00000000d6000000,0x00000000d6000000,0x00000000da000000)
  from space 5120K, 99% used [0x00000000da500000,0x00000000da9ffe20,0x00000000daa00000)
  to   space 5120K, 0% used [0x00000000da000000,0x00000000da000000,0x00000000da500000)
 ParOldGen       total 86016K, used 441K [0x0000000082000000, 0x0000000087400000, 0x00000000d6000000)
  object space 86016K, 0% used [0x0000000082000000,0x000000008206e5b8,0x0000000087400000)
 Metaspace       used 17317K, capacity 17526K, committed 17792K, reserved 1064960K
  class space    used 1758K, capacity 1821K, committed 1920K, reserved 1048576K
}
Event: 3.333 GC heap before
{Heap before GC invocations=5 (full 0):
 PSYoungGen      total 70656K, used 70655K [0x00000000d6000000, 0x00000000daa00000, 0x0000000100000000)
  eden space 65536K, 100% used [0x00000000d6000000,0x00000000da000000,0x00000000da000000)
  from space 5120K, 99% used [0x00000000da500000,0x00000000da9ffe20,0x00000000daa00000)
  to   space 5120K, 0% used [0x00000000da000000,0x00000000da000000,0x00000000da500000)
 ParOldGen       total 86016K, used 441K [0x0000000082000000, 0x0000000087400000, 0x00000000d6000000)
  object space 86016K, 0% used [0x0000000082000000,0x000000008206e5b8,0x0000000087400000)
 Metaspace       used 17320K, capacity 17526K, committed 17792K, reserved 1064960K
  class space    used 1758K, capacity 1821K, committed 1920K, reserved 1048576K
Event: 3.340 GC heap after
Heap after GC invocations=5 (full 0):
 PSYoungGen      total 70656K, used 5092K [0x00000000d6000000, 0x00000000dec00000, 0x0000000100000000)
  eden space 65536K, 0% used [0x00000000d6000000,0x00000000d6000000,0x00000000da000000)
  from space 5120K, 99% used [0x00000000da000000,0x00000000da4f90b8,0x00000000da500000)
  to   space 6144K, 0% used [0x00000000de600000,0x00000000de600000,0x00000000dec00000)
 ParOldGen       total 86016K, used 737K [0x0000000082000000, 0x0000000087400000, 0x00000000d6000000)
  object space 86016K, 0% used [0x0000000082000000,0x00000000820b85b8,0x0000000087400000)
 Metaspace       used 17320K, capacity 17526K, committed 17792K, reserved 1064960K
  class space    used 1758K, capacity 1821K, committed 1920K, reserved 1048576K
}
Event: 3.429 GC heap before
{Heap before GC invocations=6 (full 0):
 PSYoungGen      total 70656K, used 70628K [0x00000000d6000000, 0x00000000dec00000, 0x0000000100000000)
  eden space 65536K, 100% used [0x00000000d6000000,0x00000000da000000,0x00000000da000000)
  from space 5120K, 99% used [0x00000000da000000,0x00000000da4f90b8,0x00000000da500000)
  to   space 6144K, 0% used [0x00000000de600000,0x00000000de600000,0x00000000dec00000)
 ParOldGen       total 86016K, used 737K [0x0000000082000000, 0x0000000087400000, 0x00000000d6000000)
  object space 86016K, 0% used [0x0000000082000000,0x00000000820b85b8,0x0000000087400000)
 Metaspace       used 17320K, capacity 17526K, committed 17792K, reserved 1064960K
  class space    used 1758K, capacity 1821K, committed 1920K, reserved 1048576K
Event: 3.437 GC heap after
Heap after GC invocations=6 (full 0):
 PSYoungGen      total 137216K, used 5437K [0x00000000d6000000, 0x00000000dec00000, 0x0000000100000000)
  eden space 131072K, 0% used [0x00000000d6000000,0x00000000d6000000,0x00000000de000000)
  from space 6144K, 88% used [0x00000000de600000,0x00000000deb4f598,0x00000000dec00000)
  to   space 6144K, 0% used [0x00000000de000000,0x00000000de000000,0x00000000de600000)
 ParOldGen       total 86016K, used 745K [0x0000000082000000, 0x0000000087400000, 0x00000000d6000000)
  object space 86016K, 0% used [0x0000000082000000,0x00000000820ba5b8,0x0000000087400000)
 Metaspace       used 17320K, capacity 17526K, committed 17792K, reserved 1064960K
  class space    used 1758K, capacity 1821K, committed 1920K, reserved 1048576K
}

