# JRE version: Java(TM) SE Runtime Environment (8.0_66-b18) (build 1.8.0_66-b18)
# Java VM: Java HotSpot(TM) Client VM (25.66-b18 mixed mode, sharing windows-x86 )
Heap:
 def new generation   total 4928K, used 3047K [0x04200000, 0x04750000, 0x09750000)
  eden space 4416K,  58% used [0x04200000, 0x0448a050, 0x04650000)
  from space 512K,  87% used [0x046d0000, 0x0473fcf8, 0x04750000)
  to   space 512K,   0% used [0x04650000, 0x04650000, 0x046d0000)
 tenured generation   total 10944K, used 4749K [0x09750000, 0x0a200000, 0x14200000)
   the space 10944K,  43% used [0x09750000, 0x09bf3760, 0x09bf3800, 0x0a200000)
 Metaspace       used 4632K, capacity 5942K, committed 6016K, reserved 6528K
GC Heap History (10 events):
Event: 1.635 GC heap before
{Heap before GC invocations=12 (full 0):
 def new generation   total 4928K, used 4416K [0x04200000, 0x04750000, 0x09750000)
  eden space 4416K, 100% used [0x04200000, 0x04650000, 0x04650000)
  from space 512K,   0% used [0x04650000, 0x04650108, 0x046d0000)
  to   space 512K,   0% used [0x046d0000, 0x046d0000, 0x04750000)
 tenured generation   total 10944K, used 4749K [0x09750000, 0x0a200000, 0x14200000)
   the space 10944K,  43% used [0x09750000, 0x09bf3760, 0x09bf3800, 0x0a200000)
 Metaspace       used 3880K, capacity 5639K, committed 5760K, reserved 6528K
Event: 1.636 GC heap after
Heap after GC invocations=13 (full 0):
 def new generation   total 4928K, used 185K [0x04200000, 0x04750000, 0x09750000)
  eden space 4416K,   0% used [0x04200000, 0x04200000, 0x04650000)
  from space 512K,  36% used [0x046d0000, 0x046fe640, 0x04750000)
  to   space 512K,   0% used [0x04650000, 0x04650000, 0x046d0000)
 tenured generation   total 10944K, used 4749K [0x09750000, 0x0a200000, 0x14200000)
   the space 10944K,  43% used [0x09750000, 0x09bf3760, 0x09bf3800, 0x0a200000)
 Metaspace       used 3880K, capacity 5639K, committed 5760K, reserved 6528K
}
Event: 1.649 GC heap before
{Heap before GC invocations=13 (full 0):
 def new generation   total 4928K, used 4601K [0x04200000, 0x04750000, 0x09750000)
  eden space 4416K, 100% used [0x04200000, 0x04650000, 0x04650000)
  from space 512K,  36% used [0x046d0000, 0x046fe640, 0x04750000)
  to   space 512K,   0% used [0x04650000, 0x04650000, 0x046d0000)
 tenured generation   total 10944K, used 4749K [0x09750000, 0x0a200000, 0x14200000)
   the space 10944K,  43% used [0x09750000, 0x09bf3760, 0x09bf3800, 0x0a200000)
 Metaspace       used 3880K, capacity 5639K, committed 5760K, reserved 6528K
Event: 1.649 GC heap after
Heap after GC invocations=14 (full 0):
 def new generation   total 4928K, used 182K [0x04200000, 0x04750000, 0x09750000)
  eden space 4416K,   0% used [0x04200000, 0x04200000, 0x04650000)
  from space 512K,  35% used [0x04650000, 0x0467dbb0, 0x046d0000)
  to   space 512K,   0% used [0x046d0000, 0x046d0000, 0x04750000)
 tenured generation   total 10944K, used 4749K [0x09750000, 0x0a200000, 0x14200000)
   the space 10944K,  43% used [0x09750000, 0x09bf3760, 0x09bf3800, 0x0a200000)
 Metaspace       used 3880K, capacity 5639K, committed 5760K, reserved 6528K
}
Event: 1.664 GC heap before
{Heap before GC invocations=14 (full 0):
 def new generation   total 4928K, used 4598K [0x04200000, 0x04750000, 0x09750000)
  eden space 4416K, 100% used [0x04200000, 0x04650000, 0x04650000)
  from space 512K,  35% used [0x04650000, 0x0467dbb0, 0x046d0000)
  to   space 512K,   0% used [0x046d0000, 0x046d0000, 0x04750000)
 tenured generation   total 10944K, used 4749K [0x09750000, 0x0a200000, 0x14200000)
   the space 10944K,  43% used [0x09750000, 0x09bf3760, 0x09bf3800, 0x0a200000)
 Metaspace       used 3880K, capacity 5639K, committed 5760K, reserved 6528K
Event: 1.665 GC heap after
Heap after GC invocations=15 (full 0):
 def new generation   total 4928K, used 182K [0x04200000, 0x04750000, 0x09750000)
  eden space 4416K,   0% used [0x04200000, 0x04200000, 0x04650000)
  from space 512K,  35% used [0x046d0000, 0x046fdbb0, 0x04750000)
  to   space 512K,   0% used [0x04650000, 0x04650000, 0x046d0000)
 tenured generation   total 10944K, used 4749K [0x09750000, 0x0a200000, 0x14200000)
   the space 10944K,  43% used [0x09750000, 0x09bf3760, 0x09bf3800, 0x0a200000)
 Metaspace       used 3880K, capacity 5639K, committed 5760K, reserved 6528K
}
Event: 1.681 GC heap before
{Heap before GC invocations=15 (full 0):
 def new generation   total 4928K, used 4598K [0x04200000, 0x04750000, 0x09750000)
  eden space 4416K, 100% used [0x04200000, 0x04650000, 0x04650000)
  from space 512K,  35% used [0x046d0000, 0x046fdbb0, 0x04750000)
  to   space 512K,   0% used [0x04650000, 0x04650000, 0x046d0000)
 tenured generation   total 10944K, used 4749K [0x09750000, 0x0a200000, 0x14200000)
   the space 10944K,  43% used [0x09750000, 0x09bf3760, 0x09bf3800, 0x0a200000)
 Metaspace       used 3880K, capacity 5639K, committed 5760K, reserved 6528K
Event: 1.682 GC heap after
Heap after GC invocations=16 (full 0):
 def new generation   total 4928K, used 182K [0x04200000, 0x04750000, 0x09750000)
  eden space 4416K,   0% used [0x04200000, 0x04200000, 0x04650000)
  from space 512K,  35% used [0x04650000, 0x0467db70, 0x046d0000)
  to   space 512K,   0% used [0x046d0000, 0x046d0000, 0x04750000)
 tenured generation   total 10944K, used 4749K [0x09750000, 0x0a200000, 0x14200000)
   the space 10944K,  43% used [0x09750000, 0x09bf3760, 0x09bf3800, 0x0a200000)
 Metaspace       used 3880K, capacity 5639K, committed 5760K, reserved 6528K
}
Event: 1.750 GC heap before
{Heap before GC invocations=16 (full 0):
 def new generation   total 4928K, used 4598K [0x04200000, 0x04750000, 0x09750000)
  eden space 4416K, 100% used [0x04200000, 0x04650000, 0x04650000)
  from space 512K,  35% used [0x04650000, 0x0467db70, 0x046d0000)
  to   space 512K,   0% used [0x046d0000, 0x046d0000, 0x04750000)
 tenured generation   total 10944K, used 4749K [0x09750000, 0x0a200000, 0x14200000)
   the space 10944K,  43% used [0x09750000, 0x09bf3760, 0x09bf3800, 0x0a200000)
 Metaspace       used 4118K, capacity 5772K, committed 5888K, reserved 6528K
Event: 1.752 GC heap after
Heap after GC invocations=17 (full 0):
 def new generation   total 4928K, used 447K [0x04200000, 0x04750000, 0x09750000)
  eden space 4416K,   0% used [0x04200000, 0x04200000, 0x04650000)
  from space 512K,  87% used [0x046d0000, 0x0473fcf8, 0x04750000)
  to   space 512K,   0% used [0x04650000, 0x04650000, 0x046d0000)
 tenured generation   total 10944K, used 4749K [0x09750000, 0x0a200000, 0x14200000)
   the space 10944K,  43% used [0x09750000, 0x09bf3760, 0x09bf3800, 0x0a200000)
 Metaspace       used 4118K, capacity 5772K, committed 5888K, reserved 6528K
}

